<?xml version="1.0" encoding="UTF-8"?>
<testsuite xmlns:xsi="http://www.w3.org/2001/XMLSchema-instance" xsi:noNamespaceSchemaLocation="https://maven.apache.org/surefire/maven-surefire-plugin/xsd/surefire-test-report-3.0.xsd" version="3.0" name="com.trendyol.student.StudentApplicationTests" time="4.132" tests="1" errors="0" skipped="0" failures="0">
  <properties>
[...]
</properties>
  <testcase name="contextLoads" classname="com.trendyol.student.StudentApplicationTests" time="1.063">
    <system-out><![CDATA[20:03:36.738 [main] INFO org.springframework.test.context.support.AnnotationConfigContextLoaderUtils -- Could not detect default configuration classes for test class [com.trendyol.student.StudentApplicationTests]: StudentApplicationTests does not declare any static, non-private, non-final, nested classes annotated with @Configuration.
20:03:36.883 [main] INFO org.springframework.boot.test.context.SpringBootTestContextBootstrapper -- Found @SpringBootConfiguration com.trendyol.student.StudentApplication for test class com.trendyol.student.StudentApplicationTests

  .   ____          _            __ _ _
 /\\ / ___'_ __ _ _(_)_ __  __ _ \ \ \ \
( ( )\___ | '_ | '_| | '_ \/ _` | \ \ \ \
 \\/  ___)| |_)| | | | | || (_| |  ) ) ) )
  '  |____| .__|_| |_|_| |_\__, | / / / /
 =========|_|==============|___/=/_/_/_/
 :: Spring Boot ::                (v3.1.3)

2023-09-19T20:03:37.427+03:00  INFO 48258 --- [           main] c.t.student.StudentApplicationTests      : Starting StudentApplicationTests using Java 17.0.8.1 with PID 48258 (started by doruk.su in /Users/doruk.su/Documents/Trendyol/Sunum/student)
2023-09-19T20:03:37.432+03:00  INFO 48258 --- [           main] c.t.student.StudentApplicationTests      : No active profile set, falling back to 1 default profile: "default"
2023-09-19T20:03:38.665+03:00  INFO 48258 --- [           main] trationDelegate$BeanPostProcessorChecker : Bean 'org.springframework.ws.config.annotation.DelegatingWsConfiguration' of type [org.springframework.ws.config.annotation.DelegatingWsConfiguration$$SpringCGLIB$$0] is not eligible for getting processed by all BeanPostProcessors (for example: not eligible for auto-proxying)
2023-09-19T20:03:38.697+03:00  INFO 48258 --- [           main] .w.s.a.s.AnnotationActionEndpointMapping : Supporting [WS-Addressing August 2004, WS-Addressing 1.0]
2023-09-19T20:03:39.498+03:00  INFO 48258 --- [           main] c.t.student.StudentApplicationTests      : Started StudentApplicationTests in 2.478 seconds (process running for 3.813)
]]></system-out>
  </testcase>
</testsuite>